%!Adobe-FontList 1.11
%Locale:0x409

%BeginFont
Handler:DirectoryHandler
FontType:CMap
CMapName:Identity-H
Registry:Adobe
Ordering:Identity
OutlineFileName:/sw/adobe/AcroRead_8.1.7/Adobe/Reader8/Reader/../Resource/CMap/Identity-H
%EndFont

%BeginFont
Handler:DirectoryHandler
FontType:CMap
CMapName:Identity-V
Registry:Adobe
Ordering:Identity
UseCMap:Identity-H
OutlineFileName:/sw/adobe/AcroRead_8.1.7/Adobe/Reader8/Reader/../Resource/CMap/Identity-V
%EndFont

%BeginFont
Handler:DirectoryHandler
FontType:CMap
CMapName:83pv-RKSJ-H
Registry:Adobe
Ordering:Japan1
OutlineFileName:/sw/adobe/AcroRead_8.1.7/Adobe/Reader8/Reader/../Resource/CMap/83pv-RKSJ-H
%EndFont

%BeginFont
Handler:DirectoryHandler
FontType:CMap
CMapName:90ms-RKSJ-H
Registry:Adobe
Ordering:Japan1
OutlineFileName:/sw/adobe/AcroRead_8.1.7/Adobe/Reader8/Reader/../Resource/CMap/90ms-RKSJ-H
%EndFont

%BeginFont
Handler:DirectoryHandler
FontType:CMap
CMapName:90ms-RKSJ-UCS2
Registry:Adobe
Ordering:90ms_RKSJ_UCS2
OutlineFileName:/sw/adobe/AcroRead_8.1.7/Adobe/Reader8/Reader/../Resource/CMap/90ms-RKSJ-UCS2
%EndFont

%BeginFont
Handler:DirectoryHandler
FontType:CMap
CMapName:90ms-RKSJ-V
Registry:Adobe
Ordering:Japan1
UseCMap:90ms-RKSJ-H
OutlineFileName:/sw/adobe/AcroRead_8.1.7/Adobe/Reader8/Reader/../Resource/CMap/90ms-RKSJ-V
%EndFont

%BeginFont
Handler:DirectoryHandler
FontType:CMap
CMapName:90msp-RKSJ-H
Registry:Adobe
Ordering:Japan1
OutlineFileName:/sw/adobe/AcroRead_8.1.7/Adobe/Reader8/Reader/../Resource/CMap/90msp-RKSJ-H
%EndFont

%BeginFont
Handler:DirectoryHandler
FontType:CMap
CMapName:90msp-RKSJ-V
Registry:Adobe
Ordering:Japan1
UseCMap:90msp-RKSJ-H
OutlineFileName:/sw/adobe/AcroRead_8.1.7/Adobe/Reader8/Reader/../Resource/CMap/90msp-RKSJ-V
%EndFont

%BeginFont
Handler:DirectoryHandler
FontType:CMap
CMapName:90pv-RKSJ-H
Registry:Adobe
Ordering:Japan1
OutlineFileName:/sw/adobe/AcroRead_8.1.7/Adobe/Reader8/Reader/../Resource/CMap/90pv-RKSJ-H
%EndFont

%BeginFont
Handler:DirectoryHandler
FontType:CMap
CMapName:90pv-RKSJ-UCS2
Registry:Adobe
Ordering:90pv_RKSJ_UCS2
UseCMap:90pv-RKSJ-UCS2C
OutlineFileName:/sw/adobe/AcroRead_8.1.7/Adobe/Reader8/Reader/../Resource/CMap/90pv-RKSJ-UCS2
%EndFont

%BeginFont
Handler:DirectoryHandler
FontType:CMap
CMapName:90pv-RKSJ-UCS2C
Registry:Adobe
Ordering:90pv_RKSJ_UCS2C
OutlineFileName:/sw/adobe/AcroRead_8.1.7/Adobe/Reader8/Reader/../Resource/CMap/90pv-RKSJ-UCS2C
%EndFont

%BeginFont
Handler:DirectoryHandler
FontType:CMap
CMapName:Add-RKSJ-H
Registry:Adobe
Ordering:Japan1
OutlineFileName:/sw/adobe/AcroRead_8.1.7/Adobe/Reader8/Reader/../Resource/CMap/Add-RKSJ-H
%EndFont

%BeginFont
Handler:DirectoryHandler
FontType:CMap
CMapName:Add-RKSJ-V
Registry:Adobe
Ordering:Japan1
UseCMap:Add-RKSJ-H
OutlineFileName:/sw/adobe/AcroRead_8.1.7/Adobe/Reader8/Reader/../Resource/CMap/Add-RKSJ-V
%EndFont

%BeginFont
Handler:DirectoryHandler
FontType:CMap
CMapName:Adobe-CNS1-B5pc
Registry:Adobe
Ordering:Adobe_CNS1_B5pc
OutlineFileName:/sw/adobe/AcroRead_8.1.7/Adobe/Reader8/Reader/../Resource/CMap/Adobe-CNS1-B5pc
%EndFont

%BeginFont
Handler:DirectoryHandler
FontType:CMap
CMapName:Adobe-CNS1-ETenms-B5
Registry:Adobe
Ordering:Adobe_CNS1_ETenms_B5
OutlineFileName:/sw/adobe/AcroRead_8.1.7/Adobe/Reader8/Reader/../Resource/CMap/Adobe-CNS1-ETen-B5
%EndFont

%BeginFont
Handler:DirectoryHandler
FontType:CMap
CMapName:Adobe-CNS1-H-CID
Registry:Adobe
Ordering:Adobe_CNS1_H_CID
OutlineFileName:/sw/adobe/AcroRead_8.1.7/Adobe/Reader8/Reader/../Resource/CMap/Adobe-CNS1-H-CID
%EndFont

%BeginFont
Handler:DirectoryHandler
FontType:CMap
CMapName:Adobe-CNS1-H-Host
Registry:Adobe
Ordering:Adobe_CNS1_H_Host
OutlineFileName:/sw/adobe/AcroRead_8.1.7/Adobe/Reader8/Reader/../Resource/CMap/Adobe-CNS1-H-Host
%EndFont

%BeginFont
Handler:DirectoryHandler
FontType:CMap
CMapName:Adobe-CNS1-H-Mac
Registry:Adobe
Ordering:Adobe_CNS1_H_Mac
OutlineFileName:/sw/adobe/AcroRead_8.1.7/Adobe/Reader8/Reader/../Resource/CMap/Adobe-CNS1-H-Mac
%EndFont

%BeginFont
Handler:DirectoryHandler
FontType:CMap
CMapName:Adobe-CNS1-UCS2
Registry:Adobe
Ordering:Adobe_CNS1_UCS2
OutlineFileName:/sw/adobe/AcroRead_8.1.7/Adobe/Reader8/Reader/../Resource/CMap/Adobe-CNS1-UCS2
%EndFont

%BeginFont
Handler:DirectoryHandler
FontType:CMap
CMapName:Adobe-GB1-GBK-EUC
Registry:Adobe
Ordering:Adobe_GB1_GBK_EUC
OutlineFileName:/sw/adobe/AcroRead_8.1.7/Adobe/Reader8/Reader/../Resource/CMap/Adobe-GB1-GBK-EUC
%EndFont

%BeginFont
Handler:DirectoryHandler
FontType:CMap
CMapName:B5pc-H
Registry:Adobe
Ordering:CNS1
OutlineFileName:/sw/adobe/AcroRead_8.1.7/Adobe/Reader8/Reader/../Resource/CMap/B5pc-H
%EndFont

%BeginFont
Handler:DirectoryHandler
FontType:CMap
CMapName:Adobe-GB1-GBpc-EUC
Registry:Adobe
Ordering:Adobe_GB1_GBpc_EUC
OutlineFileName:/sw/adobe/AcroRead_8.1.7/Adobe/Reader8/Reader/../Resource/CMap/Adobe-GB1-GBpc-EUC
%EndFont

%BeginFont
Handler:DirectoryHandler
FontType:CMap
CMapName:Adobe-GB1-H-CID
Registry:Adobe
Ordering:Adobe_GB1_H_CID
OutlineFileName:/sw/adobe/AcroRead_8.1.7/Adobe/Reader8/Reader/../Resource/CMap/Adobe-GB1-H-CID
%EndFont

%BeginFont
Handler:DirectoryHandler
FontType:CMap
CMapName:Adobe-GB1-H-Host
Registry:Adobe
Ordering:Adobe_GB1_H_Host
OutlineFileName:/sw/adobe/AcroRead_8.1.7/Adobe/Reader8/Reader/../Resource/CMap/Adobe-GB1-H-Host
%EndFont

%BeginFont
Handler:DirectoryHandler
FontType:CMap
CMapName:Adobe-GB1-H-Mac
Registry:Adobe
Ordering:Adobe_GB1_H_Mac
OutlineFileName:/sw/adobe/AcroRead_8.1.7/Adobe/Reader8/Reader/../Resource/CMap/Adobe-GB1-H-Mac
%EndFont

%BeginFont
Handler:DirectoryHandler
FontType:CMap
CMapName:Adobe-GB1-UCS2
Registry:Adobe
Ordering:Adobe_GB1_UCS2
OutlineFileName:/sw/adobe/AcroRead_8.1.7/Adobe/Reader8/Reader/../Resource/CMap/Adobe-GB1-UCS2
%EndFont

%BeginFont
Handler:DirectoryHandler
FontType:CMap
CMapName:Adobe-Japan1-90ms-RKSJ
Registry:Adobe
Ordering:Adobe_Japan1_90ms_RKSJ
OutlineFileName:/sw/adobe/AcroRead_8.1.7/Adobe/Reader8/Reader/../Resource/CMap/Adobe-Japan1-90ms-RKSJ
%EndFont

%BeginFont
Handler:DirectoryHandler
FontType:CMap
CMapName:Adobe-Japan1-90pv-RKSJ
Registry:Adobe
Ordering:Adobe_Japan1_90pv_RKSJ
OutlineFileName:/sw/adobe/AcroRead_8.1.7/Adobe/Reader8/Reader/../Resource/CMap/Adobe-Japan1-90pv-RKSJ
%EndFont

%BeginFont
Handler:DirectoryHandler
FontType:CMap
CMapName:Adobe-Japan1-H-CID
Registry:Adobe
Ordering:Adobe_Japan1_H_CID
OutlineFileName:/sw/adobe/AcroRead_8.1.7/Adobe/Reader8/Reader/../Resource/CMap/Adobe-Japan1-H-CID
%EndFont

%BeginFont
Handler:DirectoryHandler
FontType:CMap
CMapName:Adobe-Japan1-H-Host
Registry:Adobe
Ordering:Adobe_Japan1_H_Host
OutlineFileName:/sw/adobe/AcroRead_8.1.7/Adobe/Reader8/Reader/../Resource/CMap/Adobe-Japan1-H-Host
%EndFont

%BeginFont
Handler:DirectoryHandler
FontType:CMap
CMapName:Adobe-Japan1-H-Mac
Registry:Adobe
Ordering:Adobe_Japan1_H_Mac
OutlineFileName:/sw/adobe/AcroRead_8.1.7/Adobe/Reader8/Reader/../Resource/CMap/Adobe-Japan1-H-Mac
%EndFont

%BeginFont
Handler:DirectoryHandler
FontType:CMap
CMapName:Adobe-Japan1-PS-H
Registry:Adobe
Ordering:Adobe_Japan1_PS_H
OutlineFileName:/sw/adobe/AcroRead_8.1.7/Adobe/Reader8/Reader/../Resource/CMap/Adobe-Japan1-PS-H
%EndFont

%BeginFont
Handler:DirectoryHandler
FontType:CMap
CMapName:Adobe-Japan1-PS-V
Registry:Adobe
Ordering:Adobe_Japan1_PS_V
OutlineFileName:/sw/adobe/AcroRead_8.1.7/Adobe/Reader8/Reader/../Resource/CMap/Adobe-Japan1-PS-V
%EndFont

%BeginFont
Handler:DirectoryHandler
FontType:CMap
CMapName:Adobe-Japan1-UCS2
Registry:Adobe
Ordering:Adobe_Japan1_UCS2
OutlineFileName:/sw/adobe/AcroRead_8.1.7/Adobe/Reader8/Reader/../Resource/CMap/Adobe-Japan1-UCS2
%EndFont

%BeginFont
Handler:DirectoryHandler
FontType:CMap
CMapName:Adobe-Korea1-H-CID
Registry:Adobe
Ordering:Adobe_Korea1_H_CID
OutlineFileName:/sw/adobe/AcroRead_8.1.7/Adobe/Reader8/Reader/../Resource/CMap/Adobe-Korea1-H-CID
%EndFont

%BeginFont
Handler:DirectoryHandler
FontType:CMap
CMapName:Adobe-Korea1-H-Host
Registry:Adobe
Ordering:Adobe_Korea1_H_Host
OutlineFileName:/sw/adobe/AcroRead_8.1.7/Adobe/Reader8/Reader/../Resource/CMap/Adobe-Korea1-H-Host
%EndFont

%BeginFont
Handler:DirectoryHandler
FontType:CMap
CMapName:Adobe-Korea1-H-Mac
Registry:Adobe
Ordering:Adobe_Korea1_H_Mac
OutlineFileName:/sw/adobe/AcroRead_8.1.7/Adobe/Reader8/Reader/../Resource/CMap/Adobe-Korea1-H-Mac
%EndFont

%BeginFont
Handler:DirectoryHandler
FontType:CMap
CMapName:Adobe-Korea1-KSCms-UHC
Registry:Adobe
Ordering:Adobe_Korea1_KSCms_UHC
OutlineFileName:/sw/adobe/AcroRead_8.1.7/Adobe/Reader8/Reader/../Resource/CMap/Adobe-Korea1-KSCms-UHC
%EndFont

%BeginFont
Handler:DirectoryHandler
FontType:CMap
CMapName:B5pc-UCS2
Registry:Adobe
Ordering:B5pc_UCS2
UseCMap:B5pc-UCS2C
OutlineFileName:/sw/adobe/AcroRead_8.1.7/Adobe/Reader8/Reader/../Resource/CMap/B5pc-UCS2
%EndFont

%BeginFont
Handler:DirectoryHandler
FontType:CMap
CMapName:Adobe-Korea1-KSCpc-EUC
Registry:Adobe
Ordering:Adobe_Korea1_KSCpc_EUC
OutlineFileName:/sw/adobe/AcroRead_8.1.7/Adobe/Reader8/Reader/../Resource/CMap/Adobe-Korea1-KSCpc-EUC
%EndFont

%BeginFont
Handler:DirectoryHandler
FontType:CMap
CMapName:Adobe-Korea1-UCS2
Registry:Adobe
Ordering:Adobe_Korea1_UCS2
OutlineFileName:/sw/adobe/AcroRead_8.1.7/Adobe/Reader8/Reader/../Resource/CMap/Adobe-Korea1-UCS2
%EndFont

%BeginFont
Handler:DirectoryHandler
FontType:CMap
CMapName:B5pc-UCS2C
Registry:Adobe
Ordering:B5pc_UCS2C
OutlineFileName:/sw/adobe/AcroRead_8.1.7/Adobe/Reader8/Reader/../Resource/CMap/B5pc-UCS2C
%EndFont

%BeginFont
Handler:DirectoryHandler
FontType:CMap
CMapName:B5pc-V
Registry:Adobe
Ordering:CNS1
UseCMap:B5pc-H
OutlineFileName:/sw/adobe/AcroRead_8.1.7/Adobe/Reader8/Reader/../Resource/CMap/B5pc-V
%EndFont

%BeginFont
Handler:DirectoryHandler
FontType:CMap
CMapName:CNS-EUC-H
Registry:Adobe
Ordering:CNS1
OutlineFileName:/sw/adobe/AcroRead_8.1.7/Adobe/Reader8/Reader/../Resource/CMap/CNS-EUC-H
%EndFont

%BeginFont
Handler:DirectoryHandler
FontType:CMap
CMapName:CNS-EUC-V
Registry:Adobe
Ordering:CNS1
OutlineFileName:/sw/adobe/AcroRead_8.1.7/Adobe/Reader8/Reader/../Resource/CMap/CNS-EUC-V
%EndFont

%BeginFont
Handler:DirectoryHandler
FontType:CMap
CMapName:ETen-B5-H
Registry:Adobe
Ordering:CNS1
OutlineFileName:/sw/adobe/AcroRead_8.1.7/Adobe/Reader8/Reader/../Resource/CMap/ETen-B5-H
%EndFont

%BeginFont
Handler:DirectoryHandler
FontType:CMap
CMapName:ETen-B5-UCS2
Registry:Adobe
Ordering:ETen_B5_UCS2
OutlineFileName:/sw/adobe/AcroRead_8.1.7/Adobe/Reader8/Reader/../Resource/CMap/ETen-B5-UCS2
%EndFont

%BeginFont
Handler:DirectoryHandler
FontType:CMap
CMapName:ETen-B5-V
Registry:Adobe
Ordering:CNS1
UseCMap:ETen-B5-H
OutlineFileName:/sw/adobe/AcroRead_8.1.7/Adobe/Reader8/Reader/../Resource/CMap/ETen-B5-V
%EndFont

%BeginFont
Handler:DirectoryHandler
FontType:CMap
CMapName:ETenms-B5-H
Registry:Adobe
Ordering:CNS1
UseCMap:ETen-B5-H
OutlineFileName:/sw/adobe/AcroRead_8.1.7/Adobe/Reader8/Reader/../Resource/CMap/ETenms-B5-H
%EndFont

%BeginFont
Handler:DirectoryHandler
FontType:CMap
CMapName:ETenms-B5-V
Registry:Adobe
Ordering:CNS1
UseCMap:ETenms-B5-H
OutlineFileName:/sw/adobe/AcroRead_8.1.7/Adobe/Reader8/Reader/../Resource/CMap/ETenms-B5-V
%EndFont

%BeginFont
Handler:DirectoryHandler
FontType:CMap
CMapName:EUC-H
Registry:Adobe
Ordering:Japan1
OutlineFileName:/sw/adobe/AcroRead_8.1.7/Adobe/Reader8/Reader/../Resource/CMap/EUC-H
%EndFont

%BeginFont
Handler:DirectoryHandler
FontType:CMap
CMapName:EUC-V
Registry:Adobe
Ordering:Japan1
UseCMap:EUC-H
OutlineFileName:/sw/adobe/AcroRead_8.1.7/Adobe/Reader8/Reader/../Resource/CMap/EUC-V
%EndFont

%BeginFont
Handler:DirectoryHandler
FontType:CMap
CMapName:Ext-RKSJ-H
Registry:Adobe
Ordering:Japan1
OutlineFileName:/sw/adobe/AcroRead_8.1.7/Adobe/Reader8/Reader/../Resource/CMap/Ext-RKSJ-H
%EndFont

%BeginFont
Handler:DirectoryHandler
FontType:CMap
CMapName:Ext-RKSJ-V
Registry:Adobe
Ordering:Japan1
UseCMap:Ext-RKSJ-H
OutlineFileName:/sw/adobe/AcroRead_8.1.7/Adobe/Reader8/Reader/../Resource/CMap/Ext-RKSJ-V
%EndFont

%BeginFont
Handler:DirectoryHandler
FontType:CMap
CMapName:GB-EUC-H
Registry:Adobe
Ordering:GB1
OutlineFileName:/sw/adobe/AcroRead_8.1.7/Adobe/Reader8/Reader/../Resource/CMap/GB-EUC-H
%EndFont

%BeginFont
Handler:DirectoryHandler
FontType:CMap
CMapName:GB-EUC-V
Registry:Adobe
Ordering:GB1
UseCMap:GB-EUC-H
OutlineFileName:/sw/adobe/AcroRead_8.1.7/Adobe/Reader8/Reader/../Resource/CMap/GB-EUC-V
%EndFont

%BeginFont
Handler:DirectoryHandler
FontType:CMap
CMapName:GBK-EUC-H
Registry:Adobe
Ordering:GB1
OutlineFileName:/sw/adobe/AcroRead_8.1.7/Adobe/Reader8/Reader/../Resource/CMap/GBK-EUC-H
%EndFont

%BeginFont
Handler:DirectoryHandler
FontType:CMap
CMapName:GBK-EUC-UCS2
Registry:Adobe
Ordering:GBK_EUC_UCS2
OutlineFileName:/sw/adobe/AcroRead_8.1.7/Adobe/Reader8/Reader/../Resource/CMap/GBK-EUC-UCS2
%EndFont

%BeginFont
Handler:DirectoryHandler
FontType:CMap
CMapName:GBK-EUC-V
Registry:Adobe
Ordering:GB1
UseCMap:GBK-EUC-H
OutlineFileName:/sw/adobe/AcroRead_8.1.7/Adobe/Reader8/Reader/../Resource/CMap/GBK-EUC-V
%EndFont

%BeginFont
Handler:DirectoryHandler
FontType:CMap
CMapName:GBT-EUC-H
Registry:Adobe
Ordering:GB1
OutlineFileName:/sw/adobe/AcroRead_8.1.7/Adobe/Reader8/Reader/../Resource/CMap/GBT-EUC-H
%EndFont

%BeginFont
Handler:DirectoryHandler
FontType:CMap
CMapName:GBT-EUC-V
Registry:Adobe
Ordering:GB1
UseCMap:GBT-EUC-H
OutlineFileName:/sw/adobe/AcroRead_8.1.7/Adobe/Reader8/Reader/../Resource/CMap/GBT-EUC-V
%EndFont

%BeginFont
Handler:DirectoryHandler
FontType:CMap
CMapName:GBpc-EUC-H
Registry:Adobe
Ordering:GB1
OutlineFileName:/sw/adobe/AcroRead_8.1.7/Adobe/Reader8/Reader/../Resource/CMap/GBpc-EUC-H
%EndFont

%BeginFont
Handler:DirectoryHandler
FontType:CMap
CMapName:GBpc-EUC-UCS2
Registry:Adobe
Ordering:GBpc_EUC_UCS2
UseCMap:GBpc-EUC-UCS2C
OutlineFileName:/sw/adobe/AcroRead_8.1.7/Adobe/Reader8/Reader/../Resource/CMap/GBpc-EUC-UCS2
%EndFont

%BeginFont
Handler:DirectoryHandler
FontType:CMap
CMapName:H
Registry:Adobe
Ordering:Japan1
OutlineFileName:/sw/adobe/AcroRead_8.1.7/Adobe/Reader8/Reader/../Resource/CMap/H
%EndFont

%BeginFont
Handler:DirectoryHandler
FontType:CMap
CMapName:GBpc-EUC-UCS2C
Registry:Adobe
Ordering:GBpc_EUC_UCS2C
OutlineFileName:/sw/adobe/AcroRead_8.1.7/Adobe/Reader8/Reader/../Resource/CMap/GBpc-EUC-UCS2C
%EndFont

%BeginFont
Handler:DirectoryHandler
FontType:CMap
CMapName:GBpc-EUC-V
Registry:Adobe
Ordering:GB1
UseCMap:GBpc-EUC-H
OutlineFileName:/sw/adobe/AcroRead_8.1.7/Adobe/Reader8/Reader/../Resource/CMap/GBpc-EUC-V
%EndFont

%BeginFont
Handler:DirectoryHandler
FontType:CMap
CMapName:KSC-EUC-H
Registry:Adobe
Ordering:Korea1
OutlineFileName:/sw/adobe/AcroRead_8.1.7/Adobe/Reader8/Reader/../Resource/CMap/KSC-EUC-H
%EndFont

%BeginFont
Handler:DirectoryHandler
FontType:CMap
CMapName:KSC-EUC-V
Registry:Adobe
Ordering:Korea1
UseCMap:KSC-EUC-H
OutlineFileName:/sw/adobe/AcroRead_8.1.7/Adobe/Reader8/Reader/../Resource/CMap/KSC-EUC-V
%EndFont

%BeginFont
Handler:DirectoryHandler
FontType:CMap
CMapName:KSCms-UHC-H
Registry:Adobe
Ordering:Korea1
OutlineFileName:/sw/adobe/AcroRead_8.1.7/Adobe/Reader8/Reader/../Resource/CMap/KSCms-UHC-H
%EndFont

%BeginFont
Handler:DirectoryHandler
FontType:CMap
CMapName:KSCms-UHC-HW-H
Registry:Adobe
Ordering:Korea1
OutlineFileName:/sw/adobe/AcroRead_8.1.7/Adobe/Reader8/Reader/../Resource/CMap/KSCms-UHC-HW-H
%EndFont

%BeginFont
Handler:DirectoryHandler
FontType:CMap
CMapName:KSCms-UHC-HW-V
Registry:Adobe
Ordering:Korea1
UseCMap:KSCms-UHC-HW-H
OutlineFileName:/sw/adobe/AcroRead_8.1.7/Adobe/Reader8/Reader/../Resource/CMap/KSCms-UHC-HW-V
%EndFont

%BeginFont
Handler:DirectoryHandler
FontType:CMap
CMapName:KSCms-UHC-UCS2
Registry:Adobe
Ordering:KSCms_UHC_UCS2
OutlineFileName:/sw/adobe/AcroRead_8.1.7/Adobe/Reader8/Reader/../Resource/CMap/KSCms-UHC-UCS2
%EndFont

%BeginFont
Handler:DirectoryHandler
FontType:CMap
CMapName:KSCms-UHC-V
Registry:Adobe
Ordering:Korea1
UseCMap:KSCms-UHC-H
OutlineFileName:/sw/adobe/AcroRead_8.1.7/Adobe/Reader8/Reader/../Resource/CMap/KSCms-UHC-V
%EndFont

%BeginFont
Handler:DirectoryHandler
FontType:CMap
CMapName:KSCpc-EUC-H
Registry:Adobe
Ordering:Korea1
OutlineFileName:/sw/adobe/AcroRead_8.1.7/Adobe/Reader8/Reader/../Resource/CMap/KSCpc-EUC-H
%EndFont

%BeginFont
Handler:DirectoryHandler
FontType:CMap
CMapName:KSCpc-EUC-UCS2
Registry:Adobe
Ordering:KSCpc_EUC_UCS2
UseCMap:KSCpc-EUC-UCS2C
OutlineFileName:/sw/adobe/AcroRead_8.1.7/Adobe/Reader8/Reader/../Resource/CMap/KSCpc-EUC-UCS2
%EndFont

%BeginFont
Handler:DirectoryHandler
FontType:CMap
CMapName:KSCpc-EUC-UCS2C
Registry:Adobe
Ordering:KSCpc_EUC_UCS2C
OutlineFileName:/sw/adobe/AcroRead_8.1.7/Adobe/Reader8/Reader/../Resource/CMap/KSCpc-EUC-UCS2C
%EndFont

%BeginFont
Handler:DirectoryHandler
FontType:CMap
CMapName:UCS2-90ms-RKSJ
Registry:Adobe
Ordering:UCS2_90ms_RKSJ
OutlineFileName:/sw/adobe/AcroRead_8.1.7/Adobe/Reader8/Reader/../Resource/CMap/UCS2-90ms-RKSJ
%EndFont

%BeginFont
Handler:DirectoryHandler
FontType:CMap
CMapName:UCS2-90pv-RKSJ
Registry:Adobe
Ordering:UCS2_90pv_RKSJ
OutlineFileName:/sw/adobe/AcroRead_8.1.7/Adobe/Reader8/Reader/../Resource/CMap/UCS2-90pv-RKSJ
%EndFont

%BeginFont
Handler:DirectoryHandler
FontType:CMap
CMapName:UCS2-B5pc
Registry:Adobe
Ordering:UCS2_B5pc
OutlineFileName:/sw/adobe/AcroRead_8.1.7/Adobe/Reader8/Reader/../Resource/CMap/UCS2-B5pc
%EndFont

%BeginFont
Handler:DirectoryHandler
FontType:CMap
CMapName:UCS2-ETen-B5
Registry:Adobe
Ordering:UCS2_ETen_B5
OutlineFileName:/sw/adobe/AcroRead_8.1.7/Adobe/Reader8/Reader/../Resource/CMap/UCS2-ETen-B5
%EndFont

%BeginFont
Handler:DirectoryHandler
FontType:CMap
CMapName:UCS2-GBK-EUC
Registry:Adobe
Ordering:UCS2_GBK_EUC
OutlineFileName:/sw/adobe/AcroRead_8.1.7/Adobe/Reader8/Reader/../Resource/CMap/UCS2-GBK-EUC
%EndFont

%BeginFont
Handler:DirectoryHandler
FontType:CMap
CMapName:UCS2-GBpc-EUC
Registry:Adobe
Ordering:UCS2_GBpc_EUC
OutlineFileName:/sw/adobe/AcroRead_8.1.7/Adobe/Reader8/Reader/../Resource/CMap/UCS2-GBpc-EUC
%EndFont

%BeginFont
Handler:DirectoryHandler
FontType:CMap
CMapName:UCS2-KSCms-UHC
Registry:Adobe
Ordering:UCS2_KCSms_UHC
OutlineFileName:/sw/adobe/AcroRead_8.1.7/Adobe/Reader8/Reader/../Resource/CMap/UCS2-KSCms-UHC
%EndFont

%BeginFont
Handler:DirectoryHandler
FontType:CMap
CMapName:UCS2-KSCpc-EUC
Registry:Adobe
Ordering:UCS2_KSCpc_EUC
OutlineFileName:/sw/adobe/AcroRead_8.1.7/Adobe/Reader8/Reader/../Resource/CMap/UCS2-KSCpc-EUC
%EndFont

%BeginFont
Handler:DirectoryHandler
FontType:CMap
CMapName:UniCNS-UCS2-H
Registry:Adobe
Ordering:CNS1
OutlineFileName:/sw/adobe/AcroRead_8.1.7/Adobe/Reader8/Reader/../Resource/CMap/UniCNS-UCS2-H
%EndFont

%BeginFont
Handler:DirectoryHandler
FontType:CMap
CMapName:UniCNS-UCS2-V
Registry:Adobe
Ordering:CNS1
UseCMap:UniCNS-UCS2-H
OutlineFileName:/sw/adobe/AcroRead_8.1.7/Adobe/Reader8/Reader/../Resource/CMap/UniCNS-UCS2-V
%EndFont

%BeginFont
Handler:DirectoryHandler
FontType:CMap
CMapName:V
Registry:Adobe
Ordering:Japan1
UseCMap:H
OutlineFileName:/sw/adobe/AcroRead_8.1.7/Adobe/Reader8/Reader/../Resource/CMap/V
%EndFont

%BeginFont
Handler:DirectoryHandler
FontType:CMap
CMapName:UniGB-UCS2-H
Registry:Adobe
Ordering:GB1
OutlineFileName:/sw/adobe/AcroRead_8.1.7/Adobe/Reader8/Reader/../Resource/CMap/UniGB-UCS2-H
%EndFont

%BeginFont
Handler:DirectoryHandler
FontType:CMap
CMapName:UniGB-UCS2-V
Registry:Adobe
Ordering:GB1
UseCMap:UniGB-UCS2-H
OutlineFileName:/sw/adobe/AcroRead_8.1.7/Adobe/Reader8/Reader/../Resource/CMap/UniGB-UCS2-V
%EndFont

%BeginFont
Handler:DirectoryHandler
FontType:CMap
CMapName:UniJIS-UCS2-H
Registry:Adobe
Ordering:Japan1
OutlineFileName:/sw/adobe/AcroRead_8.1.7/Adobe/Reader8/Reader/../Resource/CMap/UniJIS-UCS2-H
%EndFont

%BeginFont
Handler:DirectoryHandler
FontType:CMap
CMapName:UniJIS-UCS2-HW-H
Registry:Adobe
Ordering:Japan1
UseCMap:UniJIS-UCS2-H
OutlineFileName:/sw/adobe/AcroRead_8.1.7/Adobe/Reader8/Reader/../Resource/CMap/UniJIS-UCS2-HW-H
%EndFont

%BeginFont
Handler:DirectoryHandler
FontType:CMap
CMapName:UniJIS-UCS2-HW-V
Registry:Adobe
Ordering:Japan1
UseCMap:UniJIS-UCS2-H
OutlineFileName:/sw/adobe/AcroRead_8.1.7/Adobe/Reader8/Reader/../Resource/CMap/UniJIS-UCS2-HW-V
%EndFont

%BeginFont
Handler:DirectoryHandler
FontType:CMap
CMapName:UniJIS-UCS2-V
Registry:Adobe
Ordering:Japan1
UseCMap:UniJIS-UCS2-H
OutlineFileName:/sw/adobe/AcroRead_8.1.7/Adobe/Reader8/Reader/../Resource/CMap/UniJIS-UCS2-V
%EndFont

%BeginFont
Handler:DirectoryHandler
FontType:CMap
CMapName:UniKS-UCS2-H
Registry:Adobe
Ordering:Korea1
OutlineFileName:/sw/adobe/AcroRead_8.1.7/Adobe/Reader8/Reader/../Resource/CMap/UniKS-UCS2-H
%EndFont

%BeginFont
Handler:DirectoryHandler
FontType:CMap
CMapName:UniKS-UCS2-V
Registry:Adobe
Ordering:Korea1
UseCMap:UniKS-UCS2-H
OutlineFileName:/sw/adobe/AcroRead_8.1.7/Adobe/Reader8/Reader/../Resource/CMap/UniKS-UCS2-V
%EndFont

%BeginFont
Handler:DirectoryHandler
FontType:CMap
CMapName:ETHK-B5-H
Registry:Adobe
Ordering:CNS1
OutlineFileName:/sw/adobe/AcroRead_8.1.7/Adobe/Reader8/Reader/../Resource/CMap/ETHK-B5-H
%EndFont

%BeginFont
Handler:DirectoryHandler
FontType:CMap
CMapName:ETHK-B5-V
Registry:Adobe
Ordering:CNS1
UseCMap:ETHK-B5-H
OutlineFileName:/sw/adobe/AcroRead_8.1.7/Adobe/Reader8/Reader/../Resource/CMap/ETHK-B5-V
%EndFont

%BeginFont
Handler:DirectoryHandler
FontType:CMap
CMapName:GBK2K-H
Registry:Adobe
Ordering:GB1
OutlineFileName:/sw/adobe/AcroRead_8.1.7/Adobe/Reader8/Reader/../Resource/CMap/GBK2K-H
%EndFont

%BeginFont
Handler:DirectoryHandler
FontType:CMap
CMapName:GBK2K-V
Registry:Adobe
Ordering:GB1
UseCMap:GBK2K-H
OutlineFileName:/sw/adobe/AcroRead_8.1.7/Adobe/Reader8/Reader/../Resource/CMap/GBK2K-V
%EndFont

%BeginFont
Handler:DirectoryHandler
FontType:CMap
CMapName:GBKp-EUC-H
Registry:Adobe
Ordering:GB1
OutlineFileName:/sw/adobe/AcroRead_8.1.7/Adobe/Reader8/Reader/../Resource/CMap/GBKp-EUC-H
%EndFont

%BeginFont
Handler:DirectoryHandler
FontType:CMap
CMapName:GBKp-EUC-V
Registry:Adobe
Ordering:GB1
UseCMap:GBKp-EUC-H
OutlineFileName:/sw/adobe/AcroRead_8.1.7/Adobe/Reader8/Reader/../Resource/CMap/GBKp-EUC-V
%EndFont

%BeginFont
Handler:DirectoryHandler
FontType:CMap
CMapName:HKdla-B5-H
Registry:Adobe
Ordering:CNS1
OutlineFileName:/sw/adobe/AcroRead_8.1.7/Adobe/Reader8/Reader/../Resource/CMap/HKdla-B5-H
%EndFont

%BeginFont
Handler:DirectoryHandler
FontType:CMap
CMapName:HKdla-B5-V
Registry:Adobe
Ordering:CNS1
UseCMap:HKdla-B5-H
OutlineFileName:/sw/adobe/AcroRead_8.1.7/Adobe/Reader8/Reader/../Resource/CMap/HKdla-B5-V
%EndFont

%BeginFont
Handler:DirectoryHandler
FontType:CMap
CMapName:HKdlb-B5-H
Registry:Adobe
Ordering:CNS1
OutlineFileName:/sw/adobe/AcroRead_8.1.7/Adobe/Reader8/Reader/../Resource/CMap/HKdlb-B5-H
%EndFont

%BeginFont
Handler:DirectoryHandler
FontType:CMap
CMapName:HKdlb-B5-V
Registry:Adobe
Ordering:CNS1
UseCMap:HKdlb-B5-H
OutlineFileName:/sw/adobe/AcroRead_8.1.7/Adobe/Reader8/Reader/../Resource/CMap/HKdlb-B5-V
%EndFont

%BeginFont
Handler:DirectoryHandler
FontType:CMap
CMapName:HKgccs-B5-H
Registry:Adobe
Ordering:CNS1
OutlineFileName:/sw/adobe/AcroRead_8.1.7/Adobe/Reader8/Reader/../Resource/CMap/HKgccs-B5-H
%EndFont

%BeginFont
Handler:DirectoryHandler
FontType:CMap
CMapName:HKgccs-B5-V
Registry:Adobe
Ordering:CNS1
UseCMap:HKgccs-B5-H
OutlineFileName:/sw/adobe/AcroRead_8.1.7/Adobe/Reader8/Reader/../Resource/CMap/HKgccs-B5-V
%EndFont

%BeginFont
Handler:DirectoryHandler
FontType:CMap
CMapName:HKm314-B5-H
Registry:Adobe
Ordering:CNS1
OutlineFileName:/sw/adobe/AcroRead_8.1.7/Adobe/Reader8/Reader/../Resource/CMap/HKm314-B5-H
%EndFont

%BeginFont
Handler:DirectoryHandler
FontType:CMap
CMapName:HKm314-B5-V
Registry:Adobe
Ordering:CNS1
UseCMap:HKm314-B5-H
OutlineFileName:/sw/adobe/AcroRead_8.1.7/Adobe/Reader8/Reader/../Resource/CMap/HKm314-B5-V
%EndFont

%BeginFont
Handler:DirectoryHandler
FontType:CMap
CMapName:HKm471-B5-H
Registry:Adobe
Ordering:CNS1
OutlineFileName:/sw/adobe/AcroRead_8.1.7/Adobe/Reader8/Reader/../Resource/CMap/HKm471-B5-H
%EndFont

%BeginFont
Handler:DirectoryHandler
FontType:CMap
CMapName:HKm471-B5-V
Registry:Adobe
Ordering:CNS1
UseCMap:HKm471-B5-H
OutlineFileName:/sw/adobe/AcroRead_8.1.7/Adobe/Reader8/Reader/../Resource/CMap/HKm471-B5-V
%EndFont

%BeginFont
Handler:DirectoryHandler
FontType:CMap
CMapName:HKscs-B5-H
Registry:Adobe
Ordering:CNS1
OutlineFileName:/sw/adobe/AcroRead_8.1.7/Adobe/Reader8/Reader/../Resource/CMap/HKscs-B5-H
%EndFont

%BeginFont
Handler:DirectoryHandler
FontType:CMap
CMapName:HKscs-B5-V
Registry:Adobe
Ordering:CNS1
UseCMap:HKscs-B5-H
OutlineFileName:/sw/adobe/AcroRead_8.1.7/Adobe/Reader8/Reader/../Resource/CMap/HKscs-B5-V
%EndFont

%BeginFont
Handler:DirectoryHandler
FontType:CMap
CMapName:UniCNS-UTF16-H
Registry:Adobe
Ordering:CNS1
OutlineFileName:/sw/adobe/AcroRead_8.1.7/Adobe/Reader8/Reader/../Resource/CMap/UniCNS-UTF16-H
%EndFont

%BeginFont
Handler:DirectoryHandler
FontType:CMap
CMapName:UniCNS-UTF16-V
Registry:Adobe
Ordering:CNS1
UseCMap:UniCNS-UTF16-H
OutlineFileName:/sw/adobe/AcroRead_8.1.7/Adobe/Reader8/Reader/../Resource/CMap/UniCNS-UTF16-V
%EndFont

%BeginFont
Handler:DirectoryHandler
FontType:CMap
CMapName:UniGB-UTF16-H
Registry:Adobe
Ordering:GB1
OutlineFileName:/sw/adobe/AcroRead_8.1.7/Adobe/Reader8/Reader/../Resource/CMap/UniGB-UTF16-H
%EndFont

%BeginFont
Handler:DirectoryHandler
FontType:CMap
CMapName:UniGB-UTF16-V
Registry:Adobe
Ordering:GB1
UseCMap:UniGB-UTF16-H
OutlineFileName:/sw/adobe/AcroRead_8.1.7/Adobe/Reader8/Reader/../Resource/CMap/UniGB-UTF16-V
%EndFont

%BeginFont
Handler:DirectoryHandler
FontType:CMap
CMapName:UniJIS-UTF16-H
Registry:Adobe
Ordering:Japan1
OutlineFileName:/sw/adobe/AcroRead_8.1.7/Adobe/Reader8/Reader/../Resource/CMap/UniJIS-UTF16-H
%EndFont

%BeginFont
Handler:DirectoryHandler
FontType:CMap
CMapName:UniJIS-UTF16-V
Registry:Adobe
Ordering:Japan1
UseCMap:UniJIS-UTF16-H
OutlineFileName:/sw/adobe/AcroRead_8.1.7/Adobe/Reader8/Reader/../Resource/CMap/UniJIS-UTF16-V
%EndFont

%BeginFont
Handler:DirectoryHandler
FontType:CMap
CMapName:UniKS-UTF16-H
Registry:Adobe
Ordering:Korea1
OutlineFileName:/sw/adobe/AcroRead_8.1.7/Adobe/Reader8/Reader/../Resource/CMap/UniKS-UTF16-H
%EndFont

%BeginFont
Handler:DirectoryHandler
FontType:CMap
CMapName:UniKS-UTF16-V
Registry:Adobe
Ordering:Korea1
UseCMap:UniKS-UTF16-H
OutlineFileName:/sw/adobe/AcroRead_8.1.7/Adobe/Reader8/Reader/../Resource/CMap/UniKS-UTF16-V
%EndFont

%BeginFont
Handler:DirectoryHandler
FontType:CID
FontName:AdobeSongStd-Light
FamilyName:Adobe Song Std
StyleName:L
FullName:Adobe Song Std L
MenuName:Adobe Song Std L
StyleBits:0
FamilyNameNative:Adobe 宋体 Std
StyleNameNative:L
FullNameNative:Adobe 宋体 Std L
WritingScript:SimplifiedChinese
OutlineFileName:/sw/adobe/AcroRead_8.1.7/Adobe/Reader8/Reader/../Resource/CIDFont/AdobeSongStd-Light.otf
DataFormat:sfntData
isCFF:yes
WeightClass:300
WidthClass:5
AngleClass:0
%EndFont

%BeginFont
Handler:DirectoryHandler
FontType:CID
FontName:AdobeMingStd-Light
FamilyName:Adobe Ming Std
StyleName:L
FullName:Adobe Ming Std L
MenuName:Adobe Ming Std L
StyleBits:0
FamilyNameNative:Adobe 明體 Std
StyleNameNative:L
FullNameNative:Adobe 明體 Std L
WritingScript:TraditionalChinese
OutlineFileName:/sw/adobe/AcroRead_8.1.7/Adobe/Reader8/Reader/../Resource/CIDFont/AdobeMingStd-Light.otf
DataFormat:sfntData
isCFF:yes
WeightClass:300
WidthClass:5
AngleClass:0
%EndFont

%BeginFont
Handler:DirectoryHandler
FontType:CID
FontName:AdobeMyungjoStd-Medium
FamilyName:Adobe Myungjo Std
StyleName:M
FullName:Adobe Myungjo Std M
MenuName:Adobe Myungjo Std M
StyleBits:0
FamilyNameNative:Adobe 명조 Std
StyleNameNative:M
FullNameNative:Adobe 명조 Std M
WritingScript:Korean
OutlineFileName:/sw/adobe/AcroRead_8.1.7/Adobe/Reader8/Reader/../Resource/CIDFont/AdobeMyungjoStd-Medium.otf
DataFormat:sfntData
isCFF:yes
WeightClass:500
WidthClass:5
AngleClass:0
%EndFont

%BeginFont
Handler:DirectoryHandler
FontType:CID
FontName:KozMinProVI-Regular
FamilyName:Kozuka Mincho Pro-VI
StyleName:R
FullName:Kozuka Mincho Pro-VI R
MenuName:Kozuka Mincho Pro-VI R
StyleBits:0
FamilyNameNative:小塚明朝 Pro-VI
StyleNameNative:R
FullNameNative:小塚明朝 Pro-VI R
WritingScript:Japanese
OutlineFileName:/sw/adobe/AcroRead_8.1.7/Adobe/Reader8/Reader/../Resource/CIDFont/KozMinProVI-Regular.otf
DataFormat:sfntData
isCFF:yes
WeightClass:400
WidthClass:5
AngleClass:0
%EndFont

%BeginFont
Handler:DirectoryHandler
FontType:CID
FontName:KozGoProVI-Medium
FamilyName:Kozuka Gothic Pro-VI
StyleName:M
FullName:Kozuka Gothic Pro-VI M
MenuName:Kozuka Gothic Pro-VI M
StyleBits:0
FamilyNameNative:小塚ゴシック Pro-VI
StyleNameNative:M
FullNameNative:小塚ゴシック Pro-VI M
WritingScript:Japanese
OutlineFileName:/sw/adobe/AcroRead_8.1.7/Adobe/Reader8/Reader/../Resource/CIDFont/KozGoProVI-Medium.otf
DataFormat:sfntData
isCFF:yes
WeightClass:500
WidthClass:5
AngleClass:0
%EndFont

%BeginFont
Handler:DirectoryHandler
FontType:Type1
FontName:CourierStd
FamilyName:Courier Std
StyleName:Medium
FullName:Courier Std Medium
MenuName:Courier Std
StyleBits:0
WritingScript:Roman
OutlineFileName:/sw/adobe/AcroRead_8.1.7/Adobe/Reader8/Reader/../Resource/Font/CourierStd.otf
DataFormat:sfntData
UsesStandardEncoding:yes
isCFF:yes
WeightClass:500
WidthClass:5
AngleClass:0
%EndFont

%BeginFont
Handler:DirectoryHandler
FontType:Type1
FontName:AdobePiStd
FamilyName:Adobe Pi Std
StyleName:Regular
FullName:Adobe Pi Std
MenuName:Adobe Pi Std
StyleBits:0
WritingScript:Roman
OutlineFileName:/sw/adobe/AcroRead_8.1.7/Adobe/Reader8/Reader/../Resource/Font/AdobePiStd.otf
DataFormat:sfntData
UsesStandardEncoding:yes
isCFF:yes
WeightClass:400
WidthClass:5
AngleClass:0
%EndFont

%BeginFont
Handler:DirectoryHandler
FontType:Type1
FontName:CourierStd-BoldOblique
FamilyName:Courier Std
StyleName:Bold Oblique
FullName:Courier Std Bold Oblique
MenuName:Courier Std
StyleBits:3
WritingScript:Roman
OutlineFileName:/sw/adobe/AcroRead_8.1.7/Adobe/Reader8/Reader/../Resource/Font/CourierStd-BoldOblique.otf
DataFormat:sfntData
UsesStandardEncoding:yes
isCFF:yes
WeightClass:700
WidthClass:5
AngleClass:1
%EndFont

%BeginFont
Handler:DirectoryHandler
FontType:Type1
FontName:CourierStd-Bold
FamilyName:Courier Std
StyleName:Bold
FullName:Courier Std Bold
MenuName:Courier Std
StyleBits:2
WritingScript:Roman
OutlineFileName:/sw/adobe/AcroRead_8.1.7/Adobe/Reader8/Reader/../Resource/Font/CourierStd-Bold.otf
DataFormat:sfntData
UsesStandardEncoding:yes
isCFF:yes
WeightClass:700
WidthClass:5
AngleClass:0
%EndFont

%BeginFont
Handler:DirectoryHandler
FontType:Type1
FontName:CourierStd-Oblique
FamilyName:Courier Std
StyleName:Medium Oblique
FullName:Courier Std Medium Oblique
MenuName:Courier Std
StyleBits:1
WritingScript:Roman
OutlineFileName:/sw/adobe/AcroRead_8.1.7/Adobe/Reader8/Reader/../Resource/Font/CourierStd-Oblique.otf
DataFormat:sfntData
UsesStandardEncoding:yes
isCFF:yes
WeightClass:500
WidthClass:5
AngleClass:1
%EndFont

%BeginFont
Handler:DirectoryHandler
FontType:Type1
FontName:Symbol
FamilyName:Symbol
StyleName:Regular
FullName:Symbol
MenuName:Symbol
StyleBits:0
WritingScript:Roman
OutlineFileName:/sw/adobe/AcroRead_8.1.7/Adobe/Reader8/Reader/../Resource/Font/SY______.PFB
DataFormat:Plain
UsesStandardEncoding:no
isCFF:no
WeightClass:400
WidthClass:5
AngleClass:0
%EndFont

%BeginFont
Handler:DirectoryHandler
FontType:Type1
FontName:AdobeSansMM
FamilyName:Adobe Sans MM
StyleName:Regular
FullName:Adobe Sans MM
MenuName:Adobe Sans MM
StyleBits:0
WritingScript:Roman
OutlineFileName:/sw/adobe/AcroRead_8.1.7/Adobe/Reader8/Reader/../Resource/Font/ZX______.PFB
DataFormat:Plain
MMAxisName:Weight
MMAxisName:Width
UsesStandardEncoding:yes
isCFF:no
WeightClass:400
WidthClass:5
AngleClass:0
%EndFont

%BeginFont
Handler:DirectoryHandler
FontType:Type1
FontName:AdobeSerifMM
FamilyName:Adobe Serif MM
StyleName:Regular
FullName:Adobe Serif MM
MenuName:Adobe Serif MM
StyleBits:0
WritingScript:Roman
OutlineFileName:/sw/adobe/AcroRead_8.1.7/Adobe/Reader8/Reader/../Resource/Font/ZY______.PFB
DataFormat:Plain
MMAxisName:Weight
MMAxisName:Width
UsesStandardEncoding:yes
isCFF:no
WeightClass:400
WidthClass:5
AngleClass:0
%EndFont

%BeginFont
Handler:DirectoryHandler
FontType:Type1
FontName:MinionPro-Bold
FamilyName:Minion Pro
StyleName:Bold
FullName:Minion Pro Bold
MenuName:Minion Pro
StyleBits:2
WritingScript:Roman
OutlineFileName:/sw/adobe/AcroRead_8.1.7/Adobe/Reader8/Reader/../Resource/Font/MinionPro-Bold.otf
DataFormat:sfntData
UsesStandardEncoding:yes
isCFF:yes
WeightClass:700
WidthClass:5
AngleClass:0
%EndFont

%BeginFont
Handler:DirectoryHandler
FontType:Type1
FontName:MinionPro-BoldIt
FamilyName:Minion Pro
StyleName:Bold Italic
FullName:Minion Pro Bold Italic
MenuName:Minion Pro
StyleBits:3
WritingScript:Roman
OutlineFileName:/sw/adobe/AcroRead_8.1.7/Adobe/Reader8/Reader/../Resource/Font/MinionPro-BoldIt.otf
DataFormat:sfntData
UsesStandardEncoding:yes
isCFF:yes
WeightClass:700
WidthClass:5
AngleClass:1
%EndFont

%BeginFont
Handler:DirectoryHandler
FontType:Type1
FontName:MinionPro-It
FamilyName:Minion Pro
StyleName:Italic
FullName:Minion Pro Italic
MenuName:Minion Pro
StyleBits:1
WritingScript:Roman
OutlineFileName:/sw/adobe/AcroRead_8.1.7/Adobe/Reader8/Reader/../Resource/Font/MinionPro-It.otf
DataFormat:sfntData
UsesStandardEncoding:yes
isCFF:yes
WeightClass:400
WidthClass:5
AngleClass:1
%EndFont

%BeginFont
Handler:DirectoryHandler
FontType:Type1
FontName:MinionPro-Regular
FamilyName:Minion Pro
StyleName:Regular
FullName:Minion Pro
MenuName:Minion Pro
StyleBits:0
WritingScript:Roman
OutlineFileName:/sw/adobe/AcroRead_8.1.7/Adobe/Reader8/Reader/../Resource/Font/MinionPro-Regular.otf
DataFormat:sfntData
UsesStandardEncoding:yes
isCFF:yes
WeightClass:400
WidthClass:5
AngleClass:0
%EndFont

%BeginFont
Handler:DirectoryHandler
FontType:Type1
FontName:MyriadPro-Bold
FamilyName:Myriad Pro
StyleName:Bold
FullName:Myriad Pro Bold
MenuName:Myriad Pro
StyleBits:2
WritingScript:Roman
OutlineFileName:/sw/adobe/AcroRead_8.1.7/Adobe/Reader8/Reader/../Resource/Font/MyriadPro-Bold.otf
DataFormat:sfntData
UsesStandardEncoding:yes
isCFF:yes
WeightClass:700
WidthClass:5
AngleClass:0
%EndFont

%BeginFont
Handler:DirectoryHandler
FontType:Type1
FontName:MyriadPro-BoldIt
FamilyName:Myriad Pro
StyleName:Bold Italic
FullName:Myriad Pro Bold Italic
MenuName:Myriad Pro
StyleBits:3
WritingScript:Roman
OutlineFileName:/sw/adobe/AcroRead_8.1.7/Adobe/Reader8/Reader/../Resource/Font/MyriadPro-BoldIt.otf
DataFormat:sfntData
UsesStandardEncoding:yes
isCFF:yes
WeightClass:700
WidthClass:5
AngleClass:1
%EndFont

%BeginFont
Handler:DirectoryHandler
FontType:Type1
FontName:MyriadPro-It
FamilyName:Myriad Pro
StyleName:Italic
FullName:Myriad Pro Italic
MenuName:Myriad Pro
StyleBits:1
WritingScript:Roman
OutlineFileName:/sw/adobe/AcroRead_8.1.7/Adobe/Reader8/Reader/../Resource/Font/MyriadPro-It.otf
DataFormat:sfntData
UsesStandardEncoding:yes
isCFF:yes
WeightClass:400
WidthClass:5
AngleClass:1
%EndFont

%BeginFont
Handler:DirectoryHandler
FontType:Type1
FontName:MyriadPro-Regular
FamilyName:Myriad Pro
StyleName:Regular
FullName:Myriad Pro
MenuName:Myriad Pro
StyleBits:0
WritingScript:Roman
OutlineFileName:/sw/adobe/AcroRead_8.1.7/Adobe/Reader8/Reader/../Resource/Font/MyriadPro-Regular.otf
DataFormat:sfntData
UsesStandardEncoding:yes
isCFF:yes
WeightClass:400
WidthClass:5
AngleClass:0
%EndFont

%BeginFont
Handler:DirectoryHandler
FontType:Type1
FontName:AdobeArabic-BoldItalic
FamilyName:Adobe Arabic
StyleName:Bold Italic
FullName:Adobe Arabic Bold Italic
MenuName:Adobe Arabic
StyleBits:3
FamilyNameNative:
StyleNameNative:Bold Italic
FullNameNative:
WritingScript:Arabic
OutlineFileName:/sw/adobe/AcroRead_8.1.7/Adobe/Reader8/Reader/../Resource/Font/AdobeArabic-BoldItalic.otf
DataFormat:sfntData
UsesStandardEncoding:yes
isCFF:yes
WeightClass:700
WidthClass:5
AngleClass:1
%EndFont

%BeginFont
Handler:DirectoryHandler
FontType:Type1
FontName:AdobeArabic-Bold
FamilyName:Adobe Arabic
StyleName:Bold
FullName:Adobe Arabic Bold
MenuName:Adobe Arabic
StyleBits:2
FamilyNameNative:
StyleNameNative:Bold
FullNameNative:
WritingScript:Arabic
OutlineFileName:/sw/adobe/AcroRead_8.1.7/Adobe/Reader8/Reader/../Resource/Font/AdobeArabic-Bold.otf
DataFormat:sfntData
UsesStandardEncoding:yes
isCFF:yes
WeightClass:700
WidthClass:5
AngleClass:0
%EndFont

%BeginFont
Handler:DirectoryHandler
FontType:Type1
FontName:AdobeArabic-Italic
FamilyName:Adobe Arabic
StyleName:Italic
FullName:Adobe Arabic Italic
MenuName:Adobe Arabic
StyleBits:1
FamilyNameNative:
StyleNameNative:Italic
FullNameNative:
WritingScript:Arabic
OutlineFileName:/sw/adobe/AcroRead_8.1.7/Adobe/Reader8/Reader/../Resource/Font/AdobeArabic-Italic.otf
DataFormat:sfntData
UsesStandardEncoding:yes
isCFF:yes
WeightClass:400
WidthClass:5
AngleClass:1
%EndFont

%BeginFont
Handler:DirectoryHandler
FontType:Type1
FontName:AdobeArabic-Regular
FamilyName:Adobe Arabic
StyleName:Regular
FullName:Adobe Arabic Regular
MenuName:Adobe Arabic
StyleBits:0
FamilyNameNative:
StyleNameNative:Regular
FullNameNative:
WritingScript:Arabic
OutlineFileName:/sw/adobe/AcroRead_8.1.7/Adobe/Reader8/Reader/../Resource/Font/AdobeArabic-Regular.otf
DataFormat:sfntData
UsesStandardEncoding:yes
isCFF:yes
WeightClass:400
WidthClass:5
AngleClass:0
%EndFont

%BeginFont
Handler:DirectoryHandler
FontType:Type1
FontName:AdobeHebrew-BoldItalic
FamilyName:Adobe Hebrew
StyleName:Bold Italic
FullName:Adobe Hebrew Bold Italic
MenuName:Adobe Hebrew
StyleBits:3
FamilyNameNative:
StyleNameNative:Bold Italic
FullNameNative:
WritingScript:Hebrew
OutlineFileName:/sw/adobe/AcroRead_8.1.7/Adobe/Reader8/Reader/../Resource/Font/AdobeHebrew-BoldItalic.otf
DataFormat:sfntData
UsesStandardEncoding:yes
isCFF:yes
WeightClass:600
WidthClass:5
AngleClass:1
%EndFont

%BeginFont
Handler:DirectoryHandler
FontType:Type1
FontName:AdobeHebrew-Bold
FamilyName:Adobe Hebrew
StyleName:Bold
FullName:Adobe Hebrew Bold
MenuName:Adobe Hebrew
StyleBits:2
FamilyNameNative:
StyleNameNative:Bold
FullNameNative:
WritingScript:Hebrew
OutlineFileName:/sw/adobe/AcroRead_8.1.7/Adobe/Reader8/Reader/../Resource/Font/AdobeHebrew-Bold.otf
DataFormat:sfntData
UsesStandardEncoding:yes
isCFF:yes
WeightClass:600
WidthClass:5
AngleClass:0
%EndFont

%BeginFont
Handler:DirectoryHandler
FontType:Type1
FontName:AdobeHebrew-Italic
FamilyName:Adobe Hebrew
StyleName:Italic
FullName:Adobe Hebrew Italic
MenuName:Adobe Hebrew
StyleBits:1
FamilyNameNative:
StyleNameNative:Italic
FullNameNative:
WritingScript:Hebrew
OutlineFileName:/sw/adobe/AcroRead_8.1.7/Adobe/Reader8/Reader/../Resource/Font/AdobeHebrew-Italic.otf
DataFormat:sfntData
UsesStandardEncoding:yes
isCFF:yes
WeightClass:400
WidthClass:5
AngleClass:1
%EndFont

%BeginFont
Handler:DirectoryHandler
FontType:Type1
FontName:AdobeHebrew-Regular
FamilyName:Adobe Hebrew
StyleName:Regular
FullName:Adobe Hebrew Regular
MenuName:Adobe Hebrew
StyleBits:0
FamilyNameNative:
StyleNameNative:Regular
FullNameNative:
WritingScript:Hebrew
OutlineFileName:/sw/adobe/AcroRead_8.1.7/Adobe/Reader8/Reader/../Resource/Font/AdobeHebrew-Regular.otf
DataFormat:sfntData
UsesStandardEncoding:yes
isCFF:yes
WeightClass:400
WidthClass:5
AngleClass:0
%EndFont

%BeginFont
Handler:DirectoryHandler
FontType:Type1
FontName:AdobeThai-BoldItalic
FamilyName:Adobe Thai
StyleName:Bold Italic
FullName:Adobe Thai Bold Italic
MenuName:Adobe Thai
StyleBits:3
FamilyNameNative:
StyleNameNative:Bold Italic
FullNameNative:
WritingScript:Thai
OutlineFileName:/sw/adobe/AcroRead_8.1.7/Adobe/Reader8/Reader/../Resource/Font/AdobeThai-BoldItalic.otf
DataFormat:sfntData
UsesStandardEncoding:yes
isCFF:yes
WeightClass:600
WidthClass:5
AngleClass:1
%EndFont

%BeginFont
Handler:DirectoryHandler
FontType:Type1
FontName:AdobeThai-Bold
FamilyName:Adobe Thai
StyleName:Bold
FullName:Adobe Thai Bold
MenuName:Adobe Thai
StyleBits:2
FamilyNameNative:
StyleNameNative:Bold
FullNameNative:
WritingScript:Thai
OutlineFileName:/sw/adobe/AcroRead_8.1.7/Adobe/Reader8/Reader/../Resource/Font/AdobeThai-Bold.otf
DataFormat:sfntData
UsesStandardEncoding:yes
isCFF:yes
WeightClass:600
WidthClass:5
AngleClass:0
%EndFont

%BeginFont
Handler:DirectoryHandler
FontType:Type1
FontName:AdobeThai-Italic
FamilyName:Adobe Thai
StyleName:Italic
FullName:Adobe Thai Italic
MenuName:Adobe Thai
StyleBits:1
FamilyNameNative:
StyleNameNative:Italic
FullNameNative:
WritingScript:Thai
OutlineFileName:/sw/adobe/AcroRead_8.1.7/Adobe/Reader8/Reader/../Resource/Font/AdobeThai-Italic.otf
DataFormat:sfntData
UsesStandardEncoding:yes
isCFF:yes
WeightClass:400
WidthClass:5
AngleClass:1
%EndFont

%BeginFont
Handler:DirectoryHandler
FontType:Type1
FontName:AdobeThai-Regular
FamilyName:Adobe Thai
StyleName:Regular
FullName:Adobe Thai Regular
MenuName:Adobe Thai
StyleBits:0
FamilyNameNative:
StyleNameNative:Regular
FullNameNative:
WritingScript:Thai
OutlineFileName:/sw/adobe/AcroRead_8.1.7/Adobe/Reader8/Reader/../Resource/Font/AdobeThai-Regular.otf
DataFormat:sfntData
UsesStandardEncoding:yes
isCFF:yes
WeightClass:400
WidthClass:5
AngleClass:0
%EndFont

%BeginFont
Handler:DirectoryHandler
FontType:PFM
FontName:Symbol
NumMMAxes:0
OutlineFileName:/sw/adobe/AcroRead_8.1.7/Adobe/Reader8/Reader/../Resource/Font/PFM/SY______.PFM
%EndFont

%BeginFont
Handler:DirectoryHandler
FontType:PFM
FontName:AdobeSansMM
NumMMAxes:0
OutlineFileName:/sw/adobe/AcroRead_8.1.7/Adobe/Reader8/Reader/../Resource/Font/PFM/zx______.pfm
%EndFont

%BeginFont
Handler:DirectoryHandler
FontType:PFM
FontName:AdobeSerifMM
NumMMAxes:0
OutlineFileName:/sw/adobe/AcroRead_8.1.7/Adobe/Reader8/Reader/../Resource/Font/PFM/zy______.pfm
%EndFont

